kotlin version: 2.0.0
error message: org.jetbrains.kotlin.util.KotlinFrontEndException: Exception while analyzing expression in (79,40) in /Users/nandeshkanagaraju/Desktop/QuantumExplorers/app/src/main/java/fm/mrc/quantumexplorers/model/GameModels.kt

Attachments:
causeThrowable
java.lang.IllegalStateException: Could not read class: VirtualFile: /Users/nandeshkanagaraju/Desktop/QuantumExplorers/app/build/intermediates/compile_and_runtime_not_namespaced_r_class_jar/debug/processDebugResources/R.jar!/fm/mrc/quantumexplorers/R$drawable.class
	at org.jetbrains.kotlin.load.java.structure.impl.classFiles.BinaryJavaClass.<init>(BinaryJavaClass.kt:124)
	at org.jetbrains.kotlin.load.java.structure.impl.classFiles.BinaryJavaClass.findInnerClass(BinaryJavaClass.kt:255)
	at org.jetbrains.kotlin.cli.jvm.compiler.KotlinCliJavaFileManagerImpl.findClass(KotlinCliJavaFileManagerImpl.kt:121)
	at org.jetbrains.kotlin.resolve.jvm.KotlinJavaPsiFacade$CliFinder.findClass(KotlinJavaPsiFacade.java:538)
	at org.jetbrains.kotlin.resolve.jvm.KotlinJavaPsiFacade.findClass(KotlinJavaPsiFacade.java:181)
	at org.jetbrains.kotlin.load.java.JavaClassFinderImpl.findClass(JavaClassFinderImpl.kt:46)
	at org.jetbrains.kotlin.load.java.lazy.descriptors.LazyJavaClassMemberScope.nestedClasses$lambda$59(LazyJavaClassMemberScope.kt:817)
	at org.jetbrains.kotlin.storage.LockBasedStorageManager$MapBasedMemoizedFunction.invoke(LockBasedStorageManager.java:578)
	at org.jetbrains.kotlin.load.java.lazy.descriptors.LazyJavaClassMemberScope.getContributedClassifier(LazyJavaClassMemberScope.kt:860)
	at org.jetbrains.kotlin.resolve.scopes.InnerClassesScopeWrapper.getContributedClassifier(InnerClassesScopeWrapper.kt:29)
	at org.jetbrains.kotlin.resolve.QualifiedExpressionResolver.getContributedClassifier(QualifiedExpressionResolver.kt:570)
	at org.jetbrains.kotlin.resolve.QualifiedExpressionResolver.resolveToPackageOrClassPrefix(QualifiedExpressionResolver.kt:538)
	at org.jetbrains.kotlin.resolve.QualifiedExpressionResolver.resolveQualifierInExpressionAndUnroll(QualifiedExpressionResolver.kt:646)
	at org.jetbrains.kotlin.resolve.calls.CallExpressionResolver.elementChain(CallExpressionResolver.kt:295)
	at org.jetbrains.kotlin.resolve.calls.CallExpressionResolver.getQualifiedExpressionTypeInfo(CallExpressionResolver.kt:440)
	at org.jetbrains.kotlin.types.expressions.BasicExpressionTypingVisitor.visitQualifiedExpression(BasicExpressionTypingVisitor.java:725)
	at org.jetbrains.kotlin.types.expressions.ExpressionTypingVisitorDispatcher.visitQualifiedExpression(ExpressionTypingVisitorDispatcher.java:391)
	at org.jetbrains.kotlin.types.expressions.ExpressionTypingVisitorDispatcher$ForDeclarations.visitQualifiedExpression(ExpressionTypingVisitorDispatcher.java:47)
	at org.jetbrains.kotlin.psi.KtVisitor.visitDotQualifiedExpression(KtVisitor.java:316)
	at org.jetbrains.kotlin.psi.KtDotQualifiedExpression.accept(KtDotQualifiedExpression.kt:33)
	at org.jetbrains.kotlin.types.expressions.ExpressionTypingVisitorDispatcher.lambda$getTypeInfo$0(ExpressionTypingVisitorDispatcher.java:176)
	at org.jetbrains.kotlin.util.PerformanceCounter.time(PerformanceCounter.kt:90)
	at org.jetbrains.kotlin.types.expressions.ExpressionTypingVisitorDispatcher.getTypeInfo(ExpressionTypingVisitorDispatcher.java:165)
	at org.jetbrains.kotlin.types.expressions.ExpressionTypingVisitorDispatcher.getTypeInfo(ExpressionTypingVisitorDispatcher.java:135)
	at org.jetbrains.kotlin.types.expressions.ExpressionTypingServices.getTypeInfo(ExpressionTypingServices.java:126)
	at org.jetbrains.kotlin.resolve.calls.tower.PSICallResolver.resolveValueArgument(PSICallResolver.kt:818)
	at org.jetbrains.kotlin.resolve.calls.tower.PSICallResolver.resolveArgumentsInParenthesis(PSICallResolver.kt:754)
	at org.jetbrains.kotlin.resolve.calls.tower.PSICallResolver.toKotlinCall(PSICallResolver.kt:613)
	at org.jetbrains.kotlin.resolve.calls.tower.PSICallResolver.toKotlinCall$default(PSICallResolver.kt:589)
	at org.jetbrains.kotlin.resolve.calls.tower.PSICallResolver.runResolutionAndInference(PSICallResolver.kt:109)
	at org.jetbrains.kotlin.resolve.calls.CallResolver.doResolveCallOrGetCachedResults(CallResolver.java:602)
	at org.jetbrains.kotlin.resolve.calls.CallResolver.lambda$computeTasksAndResolveCall$0(CallResolver.java:213)
	at org.jetbrains.kotlin.util.PerformanceCounter.time(PerformanceCounter.kt:90)
	at org.jetbrains.kotlin.resolve.calls.CallResolver.computeTasksAndResolveCall(CallResolver.java:211)
	at org.jetbrains.kotlin.resolve.calls.CallResolver.computeTasksAndResolveCall(CallResolver.java:199)
	at org.jetbrains.kotlin.resolve.calls.CallResolver.resolveFunctionCall(CallResolver.java:329)
	at org.jetbrains.kotlin.resolve.calls.CallExpressionResolver.getResolvedCallForFunction(CallExpressionResolver.kt:86)
	at org.jetbrains.kotlin.resolve.calls.CallExpressionResolver.getCallExpressionTypeInfoWithoutFinalTypeCheck(CallExpressionResolver.kt:208)
	at org.jetbrains.kotlin.resolve.calls.CallExpressionResolver.getCallExpressionTypeInfo(CallExpressionResolver.kt:185)
	at org.jetbrains.kotlin.types.expressions.BasicExpressionTypingVisitor.visitCallExpression(BasicExpressionTypingVisitor.java:731)
	at org.jetbrains.kotlin.types.expressions.ExpressionTypingVisitorDispatcher.visitCallExpression(ExpressionTypingVisitorDispatcher.java:396)
	at org.jetbrains.kotlin.types.expressions.ExpressionTypingVisitorDispatcher$ForDeclarations.visitCallExpression(ExpressionTypingVisitorDispatcher.java:47)
	at org.jetbrains.kotlin.psi.KtCallExpression.accept(KtCallExpression.java:35)
	at org.jetbrains.kotlin.types.expressions.ExpressionTypingVisitorDispatcher.lambda$getTypeInfo$0(ExpressionTypingVisitorDispatcher.java:176)
	at org.jetbrains.kotlin.util.PerformanceCounter.time(PerformanceCounter.kt:90)
	at org.jetbrains.kotlin.types.expressions.ExpressionTypingVisitorDispatcher.getTypeInfo(ExpressionTypingVisitorDispatcher.java:165)
	at org.jetbrains.kotlin.types.expressions.ExpressionTypingVisitorDispatcher.getTypeInfo(ExpressionTypingVisitorDispatcher.java:135)
	at org.jetbrains.kotlin.types.expressions.ExpressionTypingServices.getTypeInfo(ExpressionTypingServices.java:126)
	at org.jetbrains.kotlin.resolve.calls.tower.PSICallResolver.resolveValueArgument(PSICallResolver.kt:818)
	at org.jetbrains.kotlin.resolve.calls.tower.PSICallResolver.resolveArgumentsInParenthesis(PSICallResolver.kt:754)
	at org.jetbrains.kotlin.resolve.calls.tower.PSICallResolver.toKotlinCall(PSICallResolver.kt:613)
	at org.jetbrains.kotlin.resolve.calls.tower.PSICallResolver.toKotlinCall$default(PSICallResolver.kt:589)
	at org.jetbrains.kotlin.resolve.calls.tower.PSICallResolver.runResolutionAndInference(PSICallResolver.kt:109)
	at org.jetbrains.kotlin.resolve.calls.CallResolver.doResolveCallOrGetCachedResults(CallResolver.java:602)
	at org.jetbrains.kotlin.resolve.calls.CallResolver.lambda$computeTasksAndResolveCall$0(CallResolver.java:213)
	at org.jetbrains.kotlin.util.PerformanceCounter.time(PerformanceCounter.kt:90)
	at org.jetbrains.kotlin.resolve.calls.CallResolver.computeTasksAndResolveCall(CallResolver.java:211)
	at org.jetbrains.kotlin.resolve.calls.CallResolver.computeTasksAndResolveCall(CallResolver.java:199)
	at org.jetbrains.kotlin.resolve.calls.CallResolver.resolveFunctionCall(CallResolver.java:329)
	at org.jetbrains.kotlin.resolve.calls.CallExpressionResolver.getResolvedCallForFunction(CallExpressionResolver.kt:86)
	at org.jetbrains.kotlin.resolve.calls.CallExpressionResolver.getCallExpressionTypeInfoWithoutFinalTypeCheck(CallExpressionResolver.kt:208)
	at org.jetbrains.kotlin.resolve.calls.CallExpressionResolver.getCallExpressionTypeInfo(CallExpressionResolver.kt:185)
	at org.jetbrains.kotlin.types.expressions.BasicExpressionTypingVisitor.visitCallExpression(BasicExpressionTypingVisitor.java:731)
	at org.jetbrains.kotlin.types.expressions.ExpressionTypingVisitorDispatcher.visitCallExpression(ExpressionTypingVisitorDispatcher.java:396)
	at org.jetbrains.kotlin.types.expressions.ExpressionTypingVisitorDispatcher$ForDeclarations.visitCallExpression(ExpressionTypingVisitorDispatcher.java:47)
	at org.jetbrains.kotlin.psi.KtCallExpression.accept(KtCallExpression.java:35)
	at org.jetbrains.kotlin.types.expressions.ExpressionTypingVisitorDispatcher.lambda$getTypeInfo$0(ExpressionTypingVisitorDispatcher.java:176)
	at org.jetbrains.kotlin.util.PerformanceCounter.time(PerformanceCounter.kt:90)
	at org.jetbrains.kotlin.types.expressions.ExpressionTypingVisitorDispatcher.getTypeInfo(ExpressionTypingVisitorDispatcher.java:165)
	at org.jetbrains.kotlin.types.expressions.ExpressionTypingVisitorDispatcher.getTypeInfo(ExpressionTypingVisitorDispatcher.java:135)
	at org.jetbrains.kotlin.types.expressions.ExpressionTypingServices.getTypeInfo(ExpressionTypingServices.java:126)
	at org.jetbrains.kotlin.resolve.calls.tower.PSICallResolver.resolveValueArgument(PSICallResolver.kt:818)
	at org.jetbrains.kotlin.resolve.calls.tower.PSICallResolver.resolveArgumentsInParenthesis(PSICallResolver.kt:754)
	at org.jetbrains.kotlin.resolve.calls.tower.PSICallResolver.toKotlinCall(PSICallResolver.kt:613)
	at org.jetbrains.kotlin.resolve.calls.tower.PSICallResolver.toKotlinCall$default(PSICallResolver.kt:589)
	at org.jetbrains.kotlin.resolve.calls.tower.PSICallResolver.runResolutionAndInference(PSICallResolver.kt:109)
	at org.jetbrains.kotlin.resolve.calls.CallResolver.doResolveCallOrGetCachedResults(CallResolver.java:602)
	at org.jetbrains.kotlin.resolve.calls.CallResolver.lambda$computeTasksAndResolveCall$0(CallResolver.java:213)
	at org.jetbrains.kotlin.util.PerformanceCounter.time(PerformanceCounter.kt:90)
	at org.jetbrains.kotlin.resolve.calls.CallResolver.computeTasksAndResolveCall(CallResolver.java:211)
	at org.jetbrains.kotlin.resolve.calls.CallResolver.computeTasksAndResolveCall(CallResolver.java:199)
	at org.jetbrains.kotlin.resolve.calls.CallResolver.resolveFunctionCall(CallResolver.java:329)
	at org.jetbrains.kotlin.resolve.calls.CallExpressionResolver.getResolvedCallForFunction(CallExpressionResolver.kt:86)
	at org.jetbrains.kotlin.resolve.calls.CallExpressionResolver.getCallExpressionTypeInfoWithoutFinalTypeCheck(CallExpressionResolver.kt:208)
	at org.jetbrains.kotlin.resolve.calls.CallExpressionResolver.getCallExpressionTypeInfo(CallExpressionResolver.kt:185)
	at org.jetbrains.kotlin.types.expressions.BasicExpressionTypingVisitor.visitCallExpression(BasicExpressionTypingVisitor.java:731)
	at org.jetbrains.kotlin.types.expressions.ExpressionTypingVisitorDispatcher.visitCallExpression(ExpressionTypingVisitorDispatcher.java:396)
	at org.jetbrains.kotlin.types.expressions.ExpressionTypingVisitorDispatcher$ForDeclarations.visitCallExpression(ExpressionTypingVisitorDispatcher.java:47)
	at org.jetbrains.kotlin.psi.KtCallExpression.accept(KtCallExpression.java:35)
	at org.jetbrains.kotlin.types.expressions.ExpressionTypingVisitorDispatcher.lambda$getTypeInfo$0(ExpressionTypingVisitorDispatcher.java:176)
	at org.jetbrains.kotlin.util.PerformanceCounter.time(PerformanceCounter.kt:90)
	at org.jetbrains.kotlin.types.expressions.ExpressionTypingVisitorDispatcher.getTypeInfo(ExpressionTypingVisitorDispatcher.java:165)
	at org.jetbrains.kotlin.types.expressions.ExpressionTypingVisitorDispatcher.getTypeInfo(ExpressionTypingVisitorDispatcher.java:135)
	at org.jetbrains.kotlin.types.expressions.ExpressionTypingServices.getTypeInfo(ExpressionTypingServices.java:126)
	at org.jetbrains.kotlin.resolve.calls.tower.PSICallResolver.resolveValueArgument(PSICallResolver.kt:818)
	at org.jetbrains.kotlin.resolve.calls.tower.PSICallResolver.resolveArgumentsInParenthesis(PSICallResolver.kt:754)
	at org.jetbrains.kotlin.resolve.calls.tower.PSICallResolver.toKotlinCall(PSICallResolver.kt:613)
	at org.jetbrains.kotlin.resolve.calls.tower.PSICallResolver.toKotlinCall$default(PSICallResolver.kt:589)
	at org.jetbrains.kotlin.resolve.calls.tower.PSICallResolver.runResolutionAndInference(PSICallResolver.kt:109)
	at org.jetbrains.kotlin.resolve.calls.CallResolver.doResolveCallOrGetCachedResults(CallResolver.java:602)
	at org.jetbrains.kotlin.resolve.calls.CallResolver.lambda$computeTasksAndResolveCall$0(CallResolver.java:213)
	at org.jetbrains.kotlin.util.PerformanceCounter.time(PerformanceCounter.kt:90)
	at org.jetbrains.kotlin.resolve.calls.CallResolver.computeTasksAndResolveCall(CallResolver.java:211)
	at org.jetbrains.kotlin.resolve.calls.CallResolver.computeTasksAndResolveCall(CallResolver.java:199)
	at org.jetbrains.kotlin.resolve.calls.CallResolver.resolveCallWithGivenName(CallResolver.java:163)
	at org.jetbrains.kotlin.resolve.calls.CallResolver.resolveBinaryCall(CallResolver.java:248)
	at org.jetbrains.kotlin.types.expressions.BasicExpressionTypingVisitor.getTypeInfoForBinaryCall(BasicExpressionTypingVisitor.java:1551)
	at org.jetbrains.kotlin.types.expressions.BasicExpressionTypingVisitor.visitBinaryExpression(BasicExpressionTypingVisitor.java:1090)
	at org.jetbrains.kotlin.types.expressions.ExpressionTypingVisitorDispatcher.visitBinaryExpression(ExpressionTypingVisitorDispatcher.java:411)
	at org.jetbrains.kotlin.types.expressions.ExpressionTypingVisitorDispatcher$ForDeclarations.visitBinaryExpression(ExpressionTypingVisitorDispatcher.java:47)
	at org.jetbrains.kotlin.psi.KtBinaryExpression.accept(KtBinaryExpression.java:35)
	at org.jetbrains.kotlin.types.expressions.ExpressionTypingVisitorDispatcher.lambda$getTypeInfo$0(ExpressionTypingVisitorDispatcher.java:176)
	at org.jetbrains.kotlin.util.PerformanceCounter.time(PerformanceCounter.kt:90)
	at org.jetbrains.kotlin.types.expressions.ExpressionTypingVisitorDispatcher.getTypeInfo(ExpressionTypingVisitorDispatcher.java:165)
	at org.jetbrains.kotlin.types.expressions.ExpressionTypingVisitorDispatcher.getTypeInfo(ExpressionTypingVisitorDispatcher.java:135)
	at org.jetbrains.kotlin.types.expressions.ExpressionTypingServices.getTypeInfo(ExpressionTypingServices.java:126)
	at org.jetbrains.kotlin.resolve.calls.tower.PSICallResolver.resolveValueArgument(PSICallResolver.kt:818)
	at org.jetbrains.kotlin.resolve.calls.tower.PSICallResolver.resolveArgumentsInParenthesis(PSICallResolver.kt:754)
	at org.jetbrains.kotlin.resolve.calls.tower.PSICallResolver.toKotlinCall(PSICallResolver.kt:613)
	at org.jetbrains.kotlin.resolve.calls.tower.PSICallResolver.toKotlinCall$default(PSICallResolver.kt:589)
	at org.jetbrains.kotlin.resolve.calls.tower.PSICallResolver.runResolutionAndInference(PSICallResolver.kt:109)
	at org.jetbrains.kotlin.resolve.calls.CallResolver.doResolveCallOrGetCachedResults(CallResolver.java:602)
	at org.jetbrains.kotlin.resolve.calls.CallResolver.lambda$computeTasksAndResolveCall$0(CallResolver.java:213)
	at org.jetbrains.kotlin.util.PerformanceCounter.time(PerformanceCounter.kt:90)
	at org.jetbrains.kotlin.resolve.calls.CallResolver.computeTasksAndResolveCall(CallResolver.java:211)
	at org.jetbrains.kotlin.resolve.calls.CallResolver.computeTasksAndResolveCall(CallResolver.java:199)
	at org.jetbrains.kotlin.resolve.calls.CallResolver.resolveFunctionCall(CallResolver.java:329)
	at org.jetbrains.kotlin.resolve.calls.CallExpressionResolver.getResolvedCallForFunction(CallExpressionResolver.kt:86)
	at org.jetbrains.kotlin.resolve.calls.CallExpressionResolver.getCallExpressionTypeInfoWithoutFinalTypeCheck(CallExpressionResolver.kt:208)
	at org.jetbrains.kotlin.resolve.calls.CallExpressionResolver.getCallExpressionTypeInfo(CallExpressionResolver.kt:185)
	at org.jetbrains.kotlin.types.expressions.BasicExpressionTypingVisitor.visitCallExpression(BasicExpressionTypingVisitor.java:731)
	at org.jetbrains.kotlin.types.expressions.ExpressionTypingVisitorDispatcher.visitCallExpression(ExpressionTypingVisitorDispatcher.java:396)
	at org.jetbrains.kotlin.types.expressions.ExpressionTypingVisitorDispatcher$ForDeclarations.visitCallExpression(ExpressionTypingVisitorDispatcher.java:47)
	at org.jetbrains.kotlin.psi.KtCallExpression.accept(KtCallExpression.java:35)
	at org.jetbrains.kotlin.types.expressions.ExpressionTypingVisitorDispatcher.lambda$getTypeInfo$0(ExpressionTypingVisitorDispatcher.java:176)
	at org.jetbrains.kotlin.util.PerformanceCounter.time(PerformanceCounter.kt:90)
	at org.jetbrains.kotlin.types.expressions.ExpressionTypingVisitorDispatcher.getTypeInfo(ExpressionTypingVisitorDispatcher.java:165)
	at org.jetbrains.kotlin.types.expressions.ExpressionTypingVisitorDispatcher.getTypeInfo(ExpressionTypingVisitorDispatcher.java:135)
	at org.jetbrains.kotlin.types.expressions.ExpressionTypingVisitorDispatcher.getTypeInfo(ExpressionTypingVisitorDispatcher.java:147)
	at org.jetbrains.kotlin.types.expressions.ExpressionTypingServices.getTypeInfo(ExpressionTypingServices.java:121)
	at org.jetbrains.kotlin.types.expressions.ExpressionTypingServices.getTypeInfo(ExpressionTypingServices.java:96)
	at org.jetbrains.kotlin.types.expressions.ExpressionTypingServices.getType(ExpressionTypingServices.java:138)
	at org.jetbrains.kotlin.types.expressions.ExpressionTypingServices.safeGetType(ExpressionTypingServices.java:81)
	at org.jetbrains.kotlin.resolve.VariableTypeAndInitializerResolver.resolveInitializerType(VariableTypeAndInitializerResolver.kt:178)
	at org.jetbrains.kotlin.resolve.VariableTypeAndInitializerResolver.resolveTypeNullable$lambda$1(VariableTypeAndInitializerResolver.kt:94)
	at org.jetbrains.kotlin.storage.LockBasedStorageManager$LockBasedLazyValue.invoke(LockBasedStorageManager.java:408)
	at org.jetbrains.kotlin.storage.LockBasedStorageManager$LockBasedNotNullLazyValue.invoke(LockBasedStorageManager.java:527)
	at org.jetbrains.kotlin.types.DeferredType.getDelegate(DeferredType.java:108)
	at org.jetbrains.kotlin.resolve.BodyResolver.computeDeferredType(BodyResolver.java:1086)
	at org.jetbrains.kotlin.resolve.BodyResolver.resolveProperty(BodyResolver.java:804)
	at org.jetbrains.kotlin.resolve.jvm.extensions.PartialAnalysisHandlerExtension.doAnalysis$lambda$0(PartialAnalysisHandlerExtension.kt:90)
	at org.jetbrains.kotlin.resolve.jvm.extensions.PartialAnalysisHandlerExtension.doForEachDeclaration(PartialAnalysisHandlerExtension.kt:126)
	at org.jetbrains.kotlin.resolve.jvm.extensions.PartialAnalysisHandlerExtension.doForEachDeclaration(PartialAnalysisHandlerExtension.kt:141)
	at org.jetbrains.kotlin.resolve.jvm.extensions.PartialAnalysisHandlerExtension.doAnalysis(PartialAnalysisHandlerExtension.kt:68)
	at org.jetbrains.kotlin.kapt3.AbstractKapt3Extension.doAnalysis(Kapt3Extension.kt:130)
	at org.jetbrains.kotlin.cli.jvm.compiler.TopDownAnalyzerFacadeForJVM.analyzeFilesWithJavaIntegration(TopDownAnalyzerFacadeForJVM.kt:112)
	at org.jetbrains.kotlin.cli.jvm.compiler.TopDownAnalyzerFacadeForJVM.analyzeFilesWithJavaIntegration$default(TopDownAnalyzerFacadeForJVM.kt:75)
	at org.jetbrains.kotlin.cli.jvm.compiler.KotlinToJVMBytecodeCompiler.analyze$lambda$12(KotlinToJVMBytecodeCompiler.kt:373)
	at org.jetbrains.kotlin.cli.common.messages.AnalyzerWithCompilerReport.analyzeAndReport(AnalyzerWithCompilerReport.kt:115)
	at org.jetbrains.kotlin.cli.jvm.compiler.KotlinToJVMBytecodeCompiler.analyze(KotlinToJVMBytecodeCompiler.kt:364)
	at org.jetbrains.kotlin.cli.jvm.compiler.KotlinToJVMBytecodeCompiler.runFrontendAndGenerateIrUsingClassicFrontend(KotlinToJVMBytecodeCompiler.kt:195)
	at org.jetbrains.kotlin.cli.jvm.compiler.KotlinToJVMBytecodeCompiler.compileModules$cli(KotlinToJVMBytecodeCompiler.kt:106)
	at org.jetbrains.kotlin.cli.jvm.K2JVMCompiler.doExecute(K2JVMCompiler.kt:176)
	at org.jetbrains.kotlin.cli.jvm.K2JVMCompiler.doExecute(K2JVMCompiler.kt:50)
	at org.jetbrains.kotlin.cli.common.CLICompiler.execImpl(CLICompiler.kt:104)
	at org.jetbrains.kotlin.cli.common.CLICompiler.execImpl(CLICompiler.kt:48)
	at org.jetbrains.kotlin.cli.common.CLITool.exec(CLITool.kt:101)
	at org.jetbrains.kotlin.incremental.IncrementalJvmCompilerRunner.runCompiler(IncrementalJvmCompilerRunner.kt:453)
	at org.jetbrains.kotlin.incremental.IncrementalJvmCompilerRunner.runCompiler(IncrementalJvmCompilerRunner.kt:62)
	at org.jetbrains.kotlin.incremental.IncrementalCompilerRunner.doCompile(IncrementalCompilerRunner.kt:506)
	at org.jetbrains.kotlin.incremental.IncrementalCompilerRunner.compileImpl(IncrementalCompilerRunner.kt:423)
	at org.jetbrains.kotlin.incremental.IncrementalCompilerRunner.compileNonIncrementally(IncrementalCompilerRunner.kt:301)
	at org.jetbrains.kotlin.incremental.IncrementalCompilerRunner.compile(IncrementalCompilerRunner.kt:129)
	at org.jetbrains.kotlin.daemon.CompileServiceImplBase.execIncrementalCompiler(CompileServiceImpl.kt:676)
	at org.jetbrains.kotlin.daemon.CompileServiceImplBase.access$execIncrementalCompiler(CompileServiceImpl.kt:92)
	at org.jetbrains.kotlin.daemon.CompileServiceImpl.compile(CompileServiceImpl.kt:1661)
	at java.base/jdk.internal.reflect.DirectMethodHandleAccessor.invoke(DirectMethodHandleAccessor.java:103)
	at java.base/java.lang.reflect.Method.invoke(Method.java:580)
	at java.rmi/sun.rmi.server.UnicastServerRef.dispatch(UnicastServerRef.java:360)
	at java.rmi/sun.rmi.transport.Transport$1.run(Transport.java:200)
	at java.rmi/sun.rmi.transport.Transport$1.run(Transport.java:197)
	at java.base/java.security.AccessController.doPrivileged(AccessController.java:714)
	at java.rmi/sun.rmi.transport.Transport.serviceCall(Transport.java:196)
	at java.rmi/sun.rmi.transport.tcp.TCPTransport.handleMessages(TCPTransport.java:598)
	at java.rmi/sun.rmi.transport.tcp.TCPTransport$ConnectionHandler.run0(TCPTransport.java:844)
	at java.rmi/sun.rmi.transport.tcp.TCPTransport$ConnectionHandler.lambda$run$0(TCPTransport.java:721)
	at java.base/java.security.AccessController.doPrivileged(AccessController.java:400)
	at java.rmi/sun.rmi.transport.tcp.TCPTransport$ConnectionHandler.run(TCPTransport.java:720)
	at java.base/java.util.concurrent.ThreadPoolExecutor.runWorker(ThreadPoolExecutor.java:1144)
	at java.base/java.util.concurrent.ThreadPoolExecutor$Worker.run(ThreadPoolExecutor.java:642)
	at java.base/java.lang.Thread.run(Thread.java:1575)
Caused by: java.nio.file.NoSuchFileException: /Users/nandeshkanagaraju/Desktop/QuantumExplorers/app/build/intermediates/compile_and_runtime_not_namespaced_r_class_jar/debug/processDebugResources/R.jar
	at java.base/sun.nio.fs.UnixException.translateToIOException(UnixException.java:92)
	at java.base/sun.nio.fs.UnixException.rethrowAsIOException(UnixException.java:106)
	at java.base/sun.nio.fs.UnixException.rethrowAsIOException(UnixException.java:111)
	at java.base/sun.nio.fs.UnixFileAttributeViews$Basic.readAttributes(UnixFileAttributeViews.java:56)
	at java.base/sun.nio.fs.UnixFileSystemProvider.readAttributes(UnixFileSystemProvider.java:172)
	at java.base/java.nio.file.Files.readAttributes(Files.java:1865)
	at org.jetbrains.kotlin.com.intellij.openapi.vfs.impl.ZipHandler$1.createAccessor(ZipHandler.java:19)
	at org.jetbrains.kotlin.com.intellij.openapi.vfs.impl.ZipHandler$1.createAccessor(ZipHandler.java:15)
	at org.jetbrains.kotlin.com.intellij.util.io.FileAccessorCache.createHandle(FileAccessorCache.java:45)
	at org.jetbrains.kotlin.com.intellij.util.io.FileAccessorCache.get(FileAccessorCache.java:39)
	at org.jetbrains.kotlin.com.intellij.openapi.vfs.impl.ZipHandler.acquireZipHandle(ZipHandler.java:46)
	at org.jetbrains.kotlin.com.intellij.openapi.vfs.impl.ZipHandlerBase.contentsToByteArray(ZipHandlerBase.java:100)
	at org.jetbrains.kotlin.com.intellij.openapi.vfs.impl.jar.CoreJarVirtualFile.contentsToByteArray(CoreJarVirtualFile.java:111)
	at org.jetbrains.kotlin.load.java.structure.impl.classFiles.BinaryJavaClass.<init>(BinaryJavaClass.kt:119)
	... 190 more

----
expression.kt
<File name: GameModels.kt, Physical: true>
// Update gameQuestions map to include the new games
val gameQuestions = mapOf(
    "Diagram Detective" to listOf(
        GameQuestion(
            question = "Spot the differences in these cell diagrams! Which organelle is missing in the second image?",
            options = listOf("Mitochondria", "Nucleus", "Golgi Apparatus", "Endoplasmic Reticulum"),
            correctAnswer = 0,
            explanation = "The mitochondria, the powerhouse of the cell, is missing in the second diagram!",
            reward = GameReward("Cell Spotter", 85, "🔬"),
            diagramResources = DiagramResources(
                originalDiagramResId = <ELEMENT>R.drawable.cell_complete</ELEMENT>,
                modifiedDiagramResId = R.drawable.cell_no_mitochondria
            )
        ),
        GameQuestion(
            question = "Compare these atomic models. What's different in the second model?",
            options = listOf(
                "Missing electron", 
                "Extra neutron", 
                "Different electron shell", 
                "Reversed spin"
            ),
            correctAnswer = 2,
            explanation = "The second model shows a different electron shell configuration, affecting the atom's energy state!",
            reward = GameReward("Atomic Observer", 90, "⚛️"),
            diagramResources = DiagramResources(
                originalDiagramResId = R.drawable.atom_normal,
                modifiedDiagramResId = R.drawable.atom_modified
            )
        ),
        GameQuestion(
            question = "Find the difference in these circuit diagrams. What component changed?",
            options = listOf(
                "Resistor orientation", 
                "LED direction", 
                "Battery polarity", 
                "Wire length"
            ),
            correctAnswer = 0,
            explanation = "The resistor's orientation is reversed, which could affect the circuit's behavior!",
            reward = GameReward("Circuit Inspector", 90, "⚡"),
            diagramResources = DiagramResources(
                originalDiagramResId = R.drawable.circuit_normal,
                modifiedDiagramResId = R.drawable.circuit_modified
            )
        ),
        GameQuestion(
            question = "Compare these DNA structures. What's missing in the second image?",
            options = listOf(
                "Base pair", 
                "Backbone", 
                "Hydrogen bond", 
                "Phosphate group"
            ),
            correctAnswer = 0,
            explanation = "A base pair is missing, which would disrupt the DNA structure!",
            reward = GameReward("DNA Detective", 85, "🧬"),
            diagramResources = DiagramResources(
                originalDiagramResId = R.drawable.dna_normal,
                modifiedDiagramResId = R.drawable.dna_modified
            )
        )
    ),
    "Quantum Particle Adventure" to listOf(
        GameQuestion(
            question = "Help the quantum particle jump through the correct energy level! Which orbital should it choose?",
            options = listOf("1s orbital", "2p orbital", "3d orbital", "4f orbital"),
            correctAnswer = 1,
            explanation = "The 2p orbital is the correct choice as it matches the energy required for the quantum jump!",
            reward = GameReward("Quantum Jump Master", 100, "⚛️")
        )
    ),
    "DNA Builder" to listOf(
        GameQuestion(
            question = "Match the correct base pair to complete the DNA strand: Adenine pairs with...",
            options = listOf("Thymine", "Cytosine", "Guanine", "Another Adenine"),
            correctAnswer = 0,
            explanation = "Adenine (A) always pairs with Thymine (T) in DNA through hydrogen bonding!",
            reward = GameReward("DNA Architect", 75, "🧬")
        )
    ),
    "Circuit Creator" to listOf(
        GameQuestion(
            question = "Build a basic circuit to light up the bulb. What component should connect the battery to the bulb?",
            options = listOf("Resistor", "Another Bulb", "Capacitor", "Inductor"),
            correctAnswer = 0,
            explanation = "A resistor is needed to limit current flow and protect the bulb from burning out!",
            reward = GameReward("Circuit Master", 100, "💡"),
            circuitLevel = CircuitLevel(
                components = listOf(
                    CircuitComponent(CircuitComponentType.BATTERY, Pair(0, 1)),
                    CircuitComponent(CircuitComponentType.BULB, Pair(2, 1))
                ),
                availableComponents = listOf(
                    CircuitComponentType.RESISTOR,
                    CircuitComponentType.WIRE
                ),
                targetState = true,
                points = 100
            )
        ),
        GameQuestion(
            question = "Add a switch to control the bulb. Where should it go?",
            options = listOf(
                "Between battery and resistor",
                "After the bulb",
                "Between resistor and bulb",
                "Parallel to battery"
            ),
            correctAnswer = 0,
            explanation = "Placing the switch between the battery and resistor creates a proper control point for the circuit!",
            reward = GameReward("Switch Master", 120, "⚡"),
            circuitLevel = CircuitLevel(
                components = listOf(
                    CircuitComponent(CircuitComponentType.BATTERY, Pair(0, 1)),
                    CircuitComponent(CircuitComponentType.RESISTOR, Pair(1, 1)),
                    CircuitComponent(CircuitComponentType.BULB, Pair(3, 1))
                ),
                availableComponents = listOf(
                    CircuitComponentType.SWITCH,
                    CircuitComponentType.WIRE
                ),
                targetState = true,
                points = 120
            )
        )
    ),
    "Geometric Art Studio" to listOf(
        GameQuestion(
            question = "Create a perfect golden ratio spiral! What comes after a 13 unit square?",
            options = listOf("21 units", "18 units", "15 units", "24 units"),
            correctAnswer = 0,
            explanation = "The Fibonacci sequence continues: 8, 13, 21...",
            reward = GameReward("Golden Ratio Master", 90, "🎨")
        )
    ),
    // Keep existing game questions
    "Math Quest: The Number Kingdom" to listOf(
        GameQuestion(
            question = "A wizard gives you 2 potions. Each potion multiplies your strength by 3. What is your new strength if you started at 5?",
            options = listOf("15", "30", "25", "10"),
            correctAnswer = 1,
            explanation = "Each potion multiplies by 3, so it's 5 × 3 × 3 = 45",
            reward = GameReward("Magic Multiplication Spell", 50, "✨")
        )
    ),
    "Physics Playground" to listOf(
        GameQuestion(
            question = "You push a 5kg box with a force of 10N. What is its acceleration?",
            options = listOf("2 m/s²", "5 m/s²", "10 m/s²"),
            correctAnswer = 0,
            explanation = "F = ma, so a = F/m = 10/5 = 2 m/s²",
            reward = GameReward("Force Master Badge", 40, "🏋️")
        )
    ),
    "Math Detective" to listOf(
        GameQuestion(
            question = "Spot the difference in these equations! Which term changed in the second equation?",
            options = listOf(
                "Exponent", 
                "Coefficient", 
                "Variable", 
                "Operation"
            ),
            correctAnswer = 1,
            explanation = "The coefficient changed from 3 to 5 in the second equation!",
            reward = GameReward("Equation Expert", 100, "📐"),
            diagramResources = DiagramResources(
                originalDiagramResId = R.drawable.equation_normal,
                modifiedDiagramResId = R.drawable.equation_modified
            )
        ),
        GameQuestion(
            question = "Find the mistake in this geometric sequence! Which number breaks the pattern?",
            options = listOf(
                "2", 
                "6", 
                "18", 
                "48"
            ),
            correctAnswer = 3,
            explanation = "48 breaks the pattern! The sequence should be 2, 6, 18, 54 (multiplying by 3 each time).",
            reward = GameReward("Pattern Finder", 90, "🔢"),
            diagramResources = DiagramResources(
                originalDiagramResId = R.drawable.sequence_normal,
                modifiedDiagramResId = R.drawable.sequence_modified
            )
        ),
        GameQuestion(
            question = "Compare these triangles. What property is different?",
            options = listOf(
                "Angle measure", 
                "Side length", 
                "Area", 
                "Perimeter"
            ),
            correctAnswer = 0,
            explanation = "The angle in the second triangle is 60° instead of 45°!",
            reward = GameReward("Geometry Master", 95, "📐"),
            diagramResources = DiagramResources(
                originalDiagramResId = R.drawable.triangle_normal,
                modifiedDiagramResId = R.drawable.triangle_modified
            )
        )
    )
)
	at org.jetbrains.kotlin.types.expressions.ExpressionTypingVisitorDispatcher.logOrThrowException(ExpressionTypingVisitorDispatcher.java:261)
	at org.jetbrains.kotlin.types.expressions.ExpressionTypingVisitorDispatcher.lambda$getTypeInfo$0(ExpressionTypingVisitorDispatcher.java:225)
	at org.jetbrains.kotlin.util.PerformanceCounter.time(PerformanceCounter.kt:90)
	at org.jetbrains.kotlin.types.expressions.ExpressionTypingVisitorDispatcher.getTypeInfo(ExpressionTypingVisitorDispatcher.java:165)
	at org.jetbrains.kotlin.types.expressions.ExpressionTypingVisitorDispatcher.getTypeInfo(ExpressionTypingVisitorDispatcher.java:135)
	at org.jetbrains.kotlin.types.expressions.ExpressionTypingServices.getTypeInfo(ExpressionTypingServices.java:126)
	at org.jetbrains.kotlin.resolve.calls.tower.PSICallResolver.resolveValueArgument(PSICallResolver.kt:818)
	at org.jetbrains.kotlin.resolve.calls.tower.PSICallResolver.resolveArgumentsInParenthesis(PSICallResolver.kt:754)
	at org.jetbrains.kotlin.resolve.calls.tower.PSICallResolver.toKotlinCall(PSICallResolver.kt:613)
	at org.jetbrains.kotlin.resolve.calls.tower.PSICallResolver.toKotlinCall$default(PSICallResolver.kt:589)
	at org.jetbrains.kotlin.resolve.calls.tower.PSICallResolver.runResolutionAndInference(PSICallResolver.kt:109)
	at org.jetbrains.kotlin.resolve.calls.CallResolver.doResolveCallOrGetCachedResults(CallResolver.java:602)
	at org.jetbrains.kotlin.resolve.calls.CallResolver.lambda$computeTasksAndResolveCall$0(CallResolver.java:213)
	at org.jetbrains.kotlin.util.PerformanceCounter.time(PerformanceCounter.kt:90)
	at org.jetbrains.kotlin.resolve.calls.CallResolver.computeTasksAndResolveCall(CallResolver.java:211)
	at org.jetbrains.kotlin.resolve.calls.CallResolver.computeTasksAndResolveCall(CallResolver.java:199)
	at org.jetbrains.kotlin.resolve.calls.CallResolver.resolveFunctionCall(CallResolver.java:329)
	at org.jetbrains.kotlin.resolve.calls.CallExpressionResolver.getResolvedCallForFunction(CallExpressionResolver.kt:86)
	at org.jetbrains.kotlin.resolve.calls.CallExpressionResolver.getCallExpressionTypeInfoWithoutFinalTypeCheck(CallExpressionResolver.kt:208)
	at org.jetbrains.kotlin.resolve.calls.CallExpressionResolver.getCallExpressionTypeInfo(CallExpressionResolver.kt:185)
	at org.jetbrains.kotlin.types.expressions.BasicExpressionTypingVisitor.visitCallExpression(BasicExpressionTypingVisitor.java:731)
	at org.jetbrains.kotlin.types.expressions.ExpressionTypingVisitorDispatcher.visitCallExpression(ExpressionTypingVisitorDispatcher.java:396)
	at org.jetbrains.kotlin.types.expressions.ExpressionTypingVisitorDispatcher$ForDeclarations.visitCallExpression(ExpressionTypingVisitorDispatcher.java:47)
	at org.jetbrains.kotlin.psi.KtCallExpression.accept(KtCallExpression.java:35)
	at org.jetbrains.kotlin.types.expressions.ExpressionTypingVisitorDispatcher.lambda$getTypeInfo$0(ExpressionTypingVisitorDispatcher.java:176)
	at org.jetbrains.kotlin.util.PerformanceCounter.time(PerformanceCounter.kt:90)
	at org.jetbrains.kotlin.types.expressions.ExpressionTypingVisitorDispatcher.getTypeInfo(ExpressionTypingVisitorDispatcher.java:165)
	at org.jetbrains.kotlin.types.expressions.ExpressionTypingVisitorDispatcher.getTypeInfo(ExpressionTypingVisitorDispatcher.java:135)
	at org.jetbrains.kotlin.types.expressions.ExpressionTypingServices.getTypeInfo(ExpressionTypingServices.java:126)
	at org.jetbrains.kotlin.resolve.calls.tower.PSICallResolver.resolveValueArgument(PSICallResolver.kt:818)
	at org.jetbrains.kotlin.resolve.calls.tower.PSICallResolver.resolveArgumentsInParenthesis(PSICallResolver.kt:754)
	at org.jetbrains.kotlin.resolve.calls.tower.PSICallResolver.toKotlinCall(PSICallResolver.kt:613)
	at org.jetbrains.kotlin.resolve.calls.tower.PSICallResolver.toKotlinCall$default(PSICallResolver.kt:589)
	at org.jetbrains.kotlin.resolve.calls.tower.PSICallResolver.runResolutionAndInference(PSICallResolver.kt:109)
	at org.jetbrains.kotlin.resolve.calls.CallResolver.doResolveCallOrGetCachedResults(CallResolver.java:602)
	at org.jetbrains.kotlin.resolve.calls.CallResolver.lambda$computeTasksAndResolveCall$0(CallResolver.java:213)
	at org.jetbrains.kotlin.util.PerformanceCounter.time(PerformanceCounter.kt:90)
	at org.jetbrains.kotlin.resolve.calls.CallResolver.computeTasksAndResolveCall(CallResolver.java:211)
	at org.jetbrains.kotlin.resolve.calls.CallResolver.computeTasksAndResolveCall(CallResolver.java:199)
	at org.jetbrains.kotlin.resolve.calls.CallResolver.resolveFunctionCall(CallResolver.java:329)
	at org.jetbrains.kotlin.resolve.calls.CallExpressionResolver.getResolvedCallForFunction(CallExpressionResolver.kt:86)
	at org.jetbrains.kotlin.resolve.calls.CallExpressionResolver.getCallExpressionTypeInfoWithoutFinalTypeCheck(CallExpressionResolver.kt:208)
	at org.jetbrains.kotlin.resolve.calls.CallExpressionResolver.getCallExpressionTypeInfo(CallExpressionResolver.kt:185)
	at org.jetbrains.kotlin.types.expressions.BasicExpressionTypingVisitor.visitCallExpression(BasicExpressionTypingVisitor.java:731)
	at org.jetbrains.kotlin.types.expressions.ExpressionTypingVisitorDispatcher.visitCallExpression(ExpressionTypingVisitorDispatcher.java:396)
	at org.jetbrains.kotlin.types.expressions.ExpressionTypingVisitorDispatcher$ForDeclarations.visitCallExpression(ExpressionTypingVisitorDispatcher.java:47)
	at org.jetbrains.kotlin.psi.KtCallExpression.accept(KtCallExpression.java:35)
	at org.jetbrains.kotlin.types.expressions.ExpressionTypingVisitorDispatcher.lambda$getTypeInfo$0(ExpressionTypingVisitorDispatcher.java:176)
	at org.jetbrains.kotlin.util.PerformanceCounter.time(PerformanceCounter.kt:90)
	at org.jetbrains.kotlin.types.expressions.ExpressionTypingVisitorDispatcher.getTypeInfo(ExpressionTypingVisitorDispatcher.java:165)
	at org.jetbrains.kotlin.types.expressions.ExpressionTypingVisitorDispatcher.getTypeInfo(ExpressionTypingVisitorDispatcher.java:135)
	at org.jetbrains.kotlin.types.expressions.ExpressionTypingServices.getTypeInfo(ExpressionTypingServices.java:126)
	at org.jetbrains.kotlin.resolve.calls.tower.PSICallResolver.resolveValueArgument(PSICallResolver.kt:818)
	at org.jetbrains.kotlin.resolve.calls.tower.PSICallResolver.resolveArgumentsInParenthesis(PSICallResolver.kt:754)
	at org.jetbrains.kotlin.resolve.calls.tower.PSICallResolver.toKotlinCall(PSICallResolver.kt:613)
	at org.jetbrains.kotlin.resolve.calls.tower.PSICallResolver.toKotlinCall$default(PSICallResolver.kt:589)
	at org.jetbrains.kotlin.resolve.calls.tower.PSICallResolver.runResolutionAndInference(PSICallResolver.kt:109)
	at org.jetbrains.kotlin.resolve.calls.CallResolver.doResolveCallOrGetCachedResults(CallResolver.java:602)
	at org.jetbrains.kotlin.resolve.calls.CallResolver.lambda$computeTasksAndResolveCall$0(CallResolver.java:213)
	at org.jetbrains.kotlin.util.PerformanceCounter.time(PerformanceCounter.kt:90)
	at org.jetbrains.kotlin.resolve.calls.CallResolver.computeTasksAndResolveCall(CallResolver.java:211)
	at org.jetbrains.kotlin.resolve.calls.CallResolver.computeTasksAndResolveCall(CallResolver.java:199)
	at org.jetbrains.kotlin.resolve.calls.CallResolver.resolveFunctionCall(CallResolver.java:329)
	at org.jetbrains.kotlin.resolve.calls.CallExpressionResolver.getResolvedCallForFunction(CallExpressionResolver.kt:86)
	at org.jetbrains.kotlin.resolve.calls.CallExpressionResolver.getCallExpressionTypeInfoWithoutFinalTypeCheck(CallExpressionResolver.kt:208)
	at org.jetbrains.kotlin.resolve.calls.CallExpressionResolver.getCallExpressionTypeInfo(CallExpressionResolver.kt:185)
	at org.jetbrains.kotlin.types.expressions.BasicExpressionTypingVisitor.visitCallExpression(BasicExpressionTypingVisitor.java:731)
	at org.jetbrains.kotlin.types.expressions.ExpressionTypingVisitorDispatcher.visitCallExpression(ExpressionTypingVisitorDispatcher.java:396)
	at org.jetbrains.kotlin.types.expressions.ExpressionTypingVisitorDispatcher$ForDeclarations.visitCallExpression(ExpressionTypingVisitorDispatcher.java:47)
	at org.jetbrains.kotlin.psi.KtCallExpression.accept(KtCallExpression.java:35)
	at org.jetbrains.kotlin.types.expressions.ExpressionTypingVisitorDispatcher.lambda$getTypeInfo$0(ExpressionTypingVisitorDispatcher.java:176)
	at org.jetbrains.kotlin.util.PerformanceCounter.time(PerformanceCounter.kt:90)
	at org.jetbrains.kotlin.types.expressions.ExpressionTypingVisitorDispatcher.getTypeInfo(ExpressionTypingVisitorDispatcher.java:165)
	at org.jetbrains.kotlin.types.expressions.ExpressionTypingVisitorDispatcher.getTypeInfo(ExpressionTypingVisitorDispatcher.java:135)
	at org.jetbrains.kotlin.types.expressions.ExpressionTypingServices.getTypeInfo(ExpressionTypingServices.java:126)
	at org.jetbrains.kotlin.resolve.calls.tower.PSICallResolver.resolveValueArgument(PSICallResolver.kt:818)
	at org.jetbrains.kotlin.resolve.calls.tower.PSICallResolver.resolveArgumentsInParenthesis(PSICallResolver.kt:754)
	at org.jetbrains.kotlin.resolve.calls.tower.PSICallResolver.toKotlinCall(PSICallResolver.kt:613)
	at org.jetbrains.kotlin.resolve.calls.tower.PSICallResolver.toKotlinCall$default(PSICallResolver.kt:589)
	at org.jetbrains.kotlin.resolve.calls.tower.PSICallResolver.runResolutionAndInference(PSICallResolver.kt:109)
	at org.jetbrains.kotlin.resolve.calls.CallResolver.doResolveCallOrGetCachedResults(CallResolver.java:602)
	at org.jetbrains.kotlin.resolve.calls.CallResolver.lambda$computeTasksAndResolveCall$0(CallResolver.java:213)
	at org.jetbrains.kotlin.util.PerformanceCounter.time(PerformanceCounter.kt:90)
	at org.jetbrains.kotlin.resolve.calls.CallResolver.computeTasksAndResolveCall(CallResolver.java:211)
	at org.jetbrains.kotlin.resolve.calls.CallResolver.computeTasksAndResolveCall(CallResolver.java:199)
	at org.jetbrains.kotlin.resolve.calls.CallResolver.resolveCallWithGivenName(CallResolver.java:163)
	at org.jetbrains.kotlin.resolve.calls.CallResolver.resolveBinaryCall(CallResolver.java:248)
	at org.jetbrains.kotlin.types.expressions.BasicExpressionTypingVisitor.getTypeInfoForBinaryCall(BasicExpressionTypingVisitor.java:1551)
	at org.jetbrains.kotlin.types.expressions.BasicExpressionTypingVisitor.visitBinaryExpression(BasicExpressionTypingVisitor.java:1090)
	at org.jetbrains.kotlin.types.expressions.ExpressionTypingVisitorDispatcher.visitBinaryExpression(ExpressionTypingVisitorDispatcher.java:411)
	at org.jetbrains.kotlin.types.expressions.ExpressionTypingVisitorDispatcher$ForDeclarations.visitBinaryExpression(ExpressionTypingVisitorDispatcher.java:47)
	at org.jetbrains.kotlin.psi.KtBinaryExpression.accept(KtBinaryExpression.java:35)
	at org.jetbrains.kotlin.types.expressions.ExpressionTypingVisitorDispatcher.lambda$getTypeInfo$0(ExpressionTypingVisitorDispatcher.java:176)
	at org.jetbrains.kotlin.util.PerformanceCounter.time(PerformanceCounter.kt:90)
	at org.jetbrains.kotlin.types.expressions.ExpressionTypingVisitorDispatcher.getTypeInfo(ExpressionTypingVisitorDispatcher.java:165)
	at org.jetbrains.kotlin.types.expressions.ExpressionTypingVisitorDispatcher.getTypeInfo(ExpressionTypingVisitorDispatcher.java:135)
	at org.jetbrains.kotlin.types.expressions.ExpressionTypingServices.getTypeInfo(ExpressionTypingServices.java:126)
	at org.jetbrains.kotlin.resolve.calls.tower.PSICallResolver.resolveValueArgument(PSICallResolver.kt:818)
	at org.jetbrains.kotlin.resolve.calls.tower.PSICallResolver.resolveArgumentsInParenthesis(PSICallResolver.kt:754)
	at org.jetbrains.kotlin.resolve.calls.tower.PSICallResolver.toKotlinCall(PSICallResolver.kt:613)
	at org.jetbrains.kotlin.resolve.calls.tower.PSICallResolver.toKotlinCall$default(PSICallResolver.kt:589)
	at org.jetbrains.kotlin.resolve.calls.tower.PSICallResolver.runResolutionAndInference(PSICallResolver.kt:109)
	at org.jetbrains.kotlin.resolve.calls.CallResolver.doResolveCallOrGetCachedResults(CallResolver.java:602)
	at org.jetbrains.kotlin.resolve.calls.CallResolver.lambda$computeTasksAndResolveCall$0(CallResolver.java:213)
	at org.jetbrains.kotlin.util.PerformanceCounter.time(PerformanceCounter.kt:90)
	at org.jetbrains.kotlin.resolve.calls.CallResolver.computeTasksAndResolveCall(CallResolver.java:211)
	at org.jetbrains.kotlin.resolve.calls.CallResolver.computeTasksAndResolveCall(CallResolver.java:199)
	at org.jetbrains.kotlin.resolve.calls.CallResolver.resolveFunctionCall(CallResolver.java:329)
	at org.jetbrains.kotlin.resolve.calls.CallExpressionResolver.getResolvedCallForFunction(CallExpressionResolver.kt:86)
	at org.jetbrains.kotlin.resolve.calls.CallExpressionResolver.getCallExpressionTypeInfoWithoutFinalTypeCheck(CallExpressionResolver.kt:208)
	at org.jetbrains.kotlin.resolve.calls.CallExpressionResolver.getCallExpressionTypeInfo(CallExpressionResolver.kt:185)
	at org.jetbrains.kotlin.types.expressions.BasicExpressionTypingVisitor.visitCallExpression(BasicExpressionTypingVisitor.java:731)
	at org.jetbrains.kotlin.types.expressions.ExpressionTypingVisitorDispatcher.visitCallExpression(ExpressionTypingVisitorDispatcher.java:396)
	at org.jetbrains.kotlin.types.expressions.ExpressionTypingVisitorDispatcher$ForDeclarations.visitCallExpression(ExpressionTypingVisitorDispatcher.java:47)
	at org.jetbrains.kotlin.psi.KtCallExpression.accept(KtCallExpression.java:35)
	at org.jetbrains.kotlin.types.expressions.ExpressionTypingVisitorDispatcher.lambda$getTypeInfo$0(ExpressionTypingVisitorDispatcher.java:176)
	at org.jetbrains.kotlin.util.PerformanceCounter.time(PerformanceCounter.kt:90)
	at org.jetbrains.kotlin.types.expressions.ExpressionTypingVisitorDispatcher.getTypeInfo(ExpressionTypingVisitorDispatcher.java:165)
	at org.jetbrains.kotlin.types.expressions.ExpressionTypingVisitorDispatcher.getTypeInfo(ExpressionTypingVisitorDispatcher.java:135)
	at org.jetbrains.kotlin.types.expressions.ExpressionTypingVisitorDispatcher.getTypeInfo(ExpressionTypingVisitorDispatcher.java:147)
	at org.jetbrains.kotlin.types.expressions.ExpressionTypingServices.getTypeInfo(ExpressionTypingServices.java:121)
	at org.jetbrains.kotlin.types.expressions.ExpressionTypingServices.getTypeInfo(ExpressionTypingServices.java:96)
	at org.jetbrains.kotlin.types.expressions.ExpressionTypingServices.getType(ExpressionTypingServices.java:138)
	at org.jetbrains.kotlin.types.expressions.ExpressionTypingServices.safeGetType(ExpressionTypingServices.java:81)
	at org.jetbrains.kotlin.resolve.VariableTypeAndInitializerResolver.resolveInitializerType(VariableTypeAndInitializerResolver.kt:178)
	at org.jetbrains.kotlin.resolve.VariableTypeAndInitializerResolver.resolveTypeNullable$lambda$1(VariableTypeAndInitializerResolver.kt:94)
	at org.jetbrains.kotlin.storage.LockBasedStorageManager$LockBasedLazyValue.invoke(LockBasedStorageManager.java:408)
	at org.jetbrains.kotlin.storage.LockBasedStorageManager$LockBasedNotNullLazyValue.invoke(LockBasedStorageManager.java:527)
	at org.jetbrains.kotlin.types.DeferredType.getDelegate(DeferredType.java:108)
	at org.jetbrains.kotlin.resolve.BodyResolver.computeDeferredType(BodyResolver.java:1086)
	at org.jetbrains.kotlin.resolve.BodyResolver.resolveProperty(BodyResolver.java:804)
	at org.jetbrains.kotlin.resolve.jvm.extensions.PartialAnalysisHandlerExtension.doAnalysis$lambda$0(PartialAnalysisHandlerExtension.kt:90)
	at org.jetbrains.kotlin.resolve.jvm.extensions.PartialAnalysisHandlerExtension.doForEachDeclaration(PartialAnalysisHandlerExtension.kt:126)
	at org.jetbrains.kotlin.resolve.jvm.extensions.PartialAnalysisHandlerExtension.doForEachDeclaration(PartialAnalysisHandlerExtension.kt:141)
	at org.jetbrains.kotlin.resolve.jvm.extensions.PartialAnalysisHandlerExtension.doAnalysis(PartialAnalysisHandlerExtension.kt:68)
	at org.jetbrains.kotlin.kapt3.AbstractKapt3Extension.doAnalysis(Kapt3Extension.kt:130)
	at org.jetbrains.kotlin.cli.jvm.compiler.TopDownAnalyzerFacadeForJVM.analyzeFilesWithJavaIntegration(TopDownAnalyzerFacadeForJVM.kt:112)
	at org.jetbrains.kotlin.cli.jvm.compiler.TopDownAnalyzerFacadeForJVM.analyzeFilesWithJavaIntegration$default(TopDownAnalyzerFacadeForJVM.kt:75)
	at org.jetbrains.kotlin.cli.jvm.compiler.KotlinToJVMBytecodeCompiler.analyze$lambda$12(KotlinToJVMBytecodeCompiler.kt:373)
	at org.jetbrains.kotlin.cli.common.messages.AnalyzerWithCompilerReport.analyzeAndReport(AnalyzerWithCompilerReport.kt:115)
	at org.jetbrains.kotlin.cli.jvm.compiler.KotlinToJVMBytecodeCompiler.analyze(KotlinToJVMBytecodeCompiler.kt:364)
	at org.jetbrains.kotlin.cli.jvm.compiler.KotlinToJVMBytecodeCompiler.runFrontendAndGenerateIrUsingClassicFrontend(KotlinToJVMBytecodeCompiler.kt:195)
	at org.jetbrains.kotlin.cli.jvm.compiler.KotlinToJVMBytecodeCompiler.compileModules$cli(KotlinToJVMBytecodeCompiler.kt:106)
	at org.jetbrains.kotlin.cli.jvm.K2JVMCompiler.doExecute(K2JVMCompiler.kt:176)
	at org.jetbrains.kotlin.cli.jvm.K2JVMCompiler.doExecute(K2JVMCompiler.kt:50)
	at org.jetbrains.kotlin.cli.common.CLICompiler.execImpl(CLICompiler.kt:104)
	at org.jetbrains.kotlin.cli.common.CLICompiler.execImpl(CLICompiler.kt:48)
	at org.jetbrains.kotlin.cli.common.CLITool.exec(CLITool.kt:101)
	at org.jetbrains.kotlin.incremental.IncrementalJvmCompilerRunner.runCompiler(IncrementalJvmCompilerRunner.kt:453)
	at org.jetbrains.kotlin.incremental.IncrementalJvmCompilerRunner.runCompiler(IncrementalJvmCompilerRunner.kt:62)
	at org.jetbrains.kotlin.incremental.IncrementalCompilerRunner.doCompile(IncrementalCompilerRunner.kt:506)
	at org.jetbrains.kotlin.incremental.IncrementalCompilerRunner.compileImpl(IncrementalCompilerRunner.kt:423)
	at org.jetbrains.kotlin.incremental.IncrementalCompilerRunner.compileNonIncrementally(IncrementalCompilerRunner.kt:301)
	at org.jetbrains.kotlin.incremental.IncrementalCompilerRunner.compile(IncrementalCompilerRunner.kt:129)
	at org.jetbrains.kotlin.daemon.CompileServiceImplBase.execIncrementalCompiler(CompileServiceImpl.kt:676)
	at org.jetbrains.kotlin.daemon.CompileServiceImplBase.access$execIncrementalCompiler(CompileServiceImpl.kt:92)
	at org.jetbrains.kotlin.daemon.CompileServiceImpl.compile(CompileServiceImpl.kt:1661)
	at java.base/jdk.internal.reflect.DirectMethodHandleAccessor.invoke(DirectMethodHandleAccessor.java:103)
	at java.base/java.lang.reflect.Method.invoke(Method.java:580)
	at java.rmi/sun.rmi.server.UnicastServerRef.dispatch(UnicastServerRef.java:360)
	at java.rmi/sun.rmi.transport.Transport$1.run(Transport.java:200)
	at java.rmi/sun.rmi.transport.Transport$1.run(Transport.java:197)
	at java.base/java.security.AccessController.doPrivileged(AccessController.java:714)
	at java.rmi/sun.rmi.transport.Transport.serviceCall(Transport.java:196)
	at java.rmi/sun.rmi.transport.tcp.TCPTransport.handleMessages(TCPTransport.java:598)
	at java.rmi/sun.rmi.transport.tcp.TCPTransport$ConnectionHandler.run0(TCPTransport.java:844)
	at java.rmi/sun.rmi.transport.tcp.TCPTransport$ConnectionHandler.lambda$run$0(TCPTransport.java:721)
	at java.base/java.security.AccessController.doPrivileged(AccessController.java:400)
	at java.rmi/sun.rmi.transport.tcp.TCPTransport$ConnectionHandler.run(TCPTransport.java:720)
	at java.base/java.util.concurrent.ThreadPoolExecutor.runWorker(ThreadPoolExecutor.java:1144)
	at java.base/java.util.concurrent.ThreadPoolExecutor$Worker.run(ThreadPoolExecutor.java:642)
	at java.base/java.lang.Thread.run(Thread.java:1575)
Caused by: java.lang.IllegalStateException: Could not read class: VirtualFile: /Users/nandeshkanagaraju/Desktop/QuantumExplorers/app/build/intermediates/compile_and_runtime_not_namespaced_r_class_jar/debug/processDebugResources/R.jar!/fm/mrc/quantumexplorers/R$drawable.class
	at org.jetbrains.kotlin.load.java.structure.impl.classFiles.BinaryJavaClass.<init>(BinaryJavaClass.kt:124)
	at org.jetbrains.kotlin.load.java.structure.impl.classFiles.BinaryJavaClass.findInnerClass(BinaryJavaClass.kt:255)
	at org.jetbrains.kotlin.cli.jvm.compiler.KotlinCliJavaFileManagerImpl.findClass(KotlinCliJavaFileManagerImpl.kt:121)
	at org.jetbrains.kotlin.resolve.jvm.KotlinJavaPsiFacade$CliFinder.findClass(KotlinJavaPsiFacade.java:538)
	at org.jetbrains.kotlin.resolve.jvm.KotlinJavaPsiFacade.findClass(KotlinJavaPsiFacade.java:181)
	at org.jetbrains.kotlin.load.java.JavaClassFinderImpl.findClass(JavaClassFinderImpl.kt:46)
	at org.jetbrains.kotlin.load.java.lazy.descriptors.LazyJavaClassMemberScope.nestedClasses$lambda$59(LazyJavaClassMemberScope.kt:817)
	at org.jetbrains.kotlin.storage.LockBasedStorageManager$MapBasedMemoizedFunction.invoke(LockBasedStorageManager.java:578)
	at org.jetbrains.kotlin.load.java.lazy.descriptors.LazyJavaClassMemberScope.getContributedClassifier(LazyJavaClassMemberScope.kt:860)
	at org.jetbrains.kotlin.resolve.scopes.InnerClassesScopeWrapper.getContributedClassifier(InnerClassesScopeWrapper.kt:29)
	at org.jetbrains.kotlin.resolve.QualifiedExpressionResolver.getContributedClassifier(QualifiedExpressionResolver.kt:570)
	at org.jetbrains.kotlin.resolve.QualifiedExpressionResolver.resolveToPackageOrClassPrefix(QualifiedExpressionResolver.kt:538)
	at org.jetbrains.kotlin.resolve.QualifiedExpressionResolver.resolveQualifierInExpressionAndUnroll(QualifiedExpressionResolver.kt:646)
	at org.jetbrains.kotlin.resolve.calls.CallExpressionResolver.elementChain(CallExpressionResolver.kt:295)
	at org.jetbrains.kotlin.resolve.calls.CallExpressionResolver.getQualifiedExpressionTypeInfo(CallExpressionResolver.kt:440)
	at org.jetbrains.kotlin.types.expressions.BasicExpressionTypingVisitor.visitQualifiedExpression(BasicExpressionTypingVisitor.java:725)
	at org.jetbrains.kotlin.types.expressions.ExpressionTypingVisitorDispatcher.visitQualifiedExpression(ExpressionTypingVisitorDispatcher.java:391)
	at org.jetbrains.kotlin.types.expressions.ExpressionTypingVisitorDispatcher$ForDeclarations.visitQualifiedExpression(ExpressionTypingVisitorDispatcher.java:47)
	at org.jetbrains.kotlin.psi.KtVisitor.visitDotQualifiedExpression(KtVisitor.java:316)
	at org.jetbrains.kotlin.psi.KtDotQualifiedExpression.accept(KtDotQualifiedExpression.kt:33)
	at org.jetbrains.kotlin.types.expressions.ExpressionTypingVisitorDispatcher.lambda$getTypeInfo$0(ExpressionTypingVisitorDispatcher.java:176)
	... 170 more
Caused by: java.nio.file.NoSuchFileException: /Users/nandeshkanagaraju/Desktop/QuantumExplorers/app/build/intermediates/compile_and_runtime_not_namespaced_r_class_jar/debug/processDebugResources/R.jar
	at java.base/sun.nio.fs.UnixException.translateToIOException(UnixException.java:92)
	at java.base/sun.nio.fs.UnixException.rethrowAsIOException(UnixException.java:106)
	at java.base/sun.nio.fs.UnixException.rethrowAsIOException(UnixException.java:111)
	at java.base/sun.nio.fs.UnixFileAttributeViews$Basic.readAttributes(UnixFileAttributeViews.java:56)
	at java.base/sun.nio.fs.UnixFileSystemProvider.readAttributes(UnixFileSystemProvider.java:172)
	at java.base/java.nio.file.Files.readAttributes(Files.java:1865)
	at org.jetbrains.kotlin.com.intellij.openapi.vfs.impl.ZipHandler$1.createAccessor(ZipHandler.java:19)
	at org.jetbrains.kotlin.com.intellij.openapi.vfs.impl.ZipHandler$1.createAccessor(ZipHandler.java:15)
	at org.jetbrains.kotlin.com.intellij.util.io.FileAccessorCache.createHandle(FileAccessorCache.java:45)
	at org.jetbrains.kotlin.com.intellij.util.io.FileAccessorCache.get(FileAccessorCache.java:39)
	at org.jetbrains.kotlin.com.intellij.openapi.vfs.impl.ZipHandler.acquireZipHandle(ZipHandler.java:46)
	at org.jetbrains.kotlin.com.intellij.openapi.vfs.impl.ZipHandlerBase.contentsToByteArray(ZipHandlerBase.java:100)
	at org.jetbrains.kotlin.com.intellij.openapi.vfs.impl.jar.CoreJarVirtualFile.contentsToByteArray(CoreJarVirtualFile.java:111)
	at org.jetbrains.kotlin.load.java.structure.impl.classFiles.BinaryJavaClass.<init>(BinaryJavaClass.kt:119)
	... 190 more


